2026-01-24T15:42:40.564196  Starting install script
2026-01-24T15:42:40.565647  Caching sudo credentials (you may be prompted for your password)...
2026-01-24T15:42:40.635193  Running: sudo apt update
2026-01-24T15:42:44.396502  WARNING: apt does not have a stable CLI interface. Use with caution in scripts.

Hit:1 http://archive.ubuntu.com/ubuntu noble InRelease
Get:2 http://archive.ubuntu.com/ubuntu noble-updates InRelease [126 kB]
Ign:3 http://compute-artifactory.amd.com/artifactory/rocm-ubuntu-thirdparty noble InRelease
Get:4 http://archive.ubuntu.com/ubuntu noble-backports InRelease [126 kB]
Get:5 http://compute-artifactory.amd.com/artifactory/list/rocm-osdb-24.04-deb compute-rocm-dkms-no-npi-hipclang InRelease [365 kB]
Get:6 http://security.ubuntu.com/ubuntu noble-security InRelease [126 kB]
Get:7 http://archive.ubuntu.com/ubuntu noble-updates/main amd64 Packages [2149 kB]
Hit:8 http://compute-artifactory.amd.com/artifactory/rocm-ubuntu-thirdparty noble Release
Ign:9 http://compute-artifactory.amd.com/artifactory/rocm-ubuntu-thirdparty noble Release.gpg
Ign:10 https://artifactory-cdn.amd.com/artifactory/list/amdgpu-deb-remote 2282247 InRelease
Hit:11 https://artifactory-cdn.amd.com/artifactory/list/amdgpu-deb-remote 2282247 Release
Ign:12 https://artifactory-cdn.amd.com/artifactory/list/amdgpu-deb-remote 2282247 Release.gpg
Get:13 http://security.ubuntu.com/ubuntu noble-security/universe amd64 Packages [1193 kB]
Get:14 http://archive.ubuntu.com/ubuntu noble-updates/restricted amd64 Packages [3169 kB]
Get:15 http://security.ubuntu.com/ubuntu noble-security/multiverse amd64 Packages [33.8 kB]
Get:16 http://security.ubuntu.com/ubuntu noble-security/main amd64 Packages [1776 kB]
Get:17 http://archive.ubuntu.com/ubuntu noble-updates/multiverse amd64 Packages [53.5 kB]
Get:18 http://archive.ubuntu.com/ubuntu noble-updates/universe amd64 Packages [1966 kB]
Fetched 11.1 MB in 3s (3847 kB/s)
Reading package lists...
Building dependency tree...
Reading state information...
104 packages can be upgraded. Run 'apt list --upgradable' to see them.
W: Conflicting distribution: http://compute-artifactory.amd.com/artifactory/rocm-ubuntu-thirdparty noble Release (expected noble but got jammy)
2026-01-24T15:42:44.398538  Running: sudo apt install -y build-essential libssl-dev libcurl4-gnutls-dev libexpat1-dev gettext
2026-01-24T15:42:47.339905  WARNING: apt does not have a stable CLI interface. Use with caution in scripts.

Reading package lists...
Building dependency tree...
Reading state information...
build-essential is already the newest version (12.10ubuntu1).
libssl-dev is already the newest version (3.0.13-0ubuntu3.6).
libexpat1-dev is already the newest version (2.6.1-2ubuntu0.3).
gettext is already the newest version (0.21-14ubuntu2).
gettext set to manually installed.
Suggested packages:
  libcurl4-doc libgnutls28-dev libidn-dev libkrb5-dev libldap2-dev librtmp-dev
  libssh2-1-dev
The following packages will be REMOVED:
  libcurl4-openssl-dev
The following NEW packages will be installed:
  libcurl4-gnutls-dev
0 upgraded, 1 newly installed, 1 to remove and 104 not upgraded.
Need to get 438 kB of archives.
After this operation, 32.8 kB disk space will be freed.
Get:1 http://archive.ubuntu.com/ubuntu noble-updates/main amd64 libcurl4-gnutls-dev amd64 8.5.0-2ubuntu10.6 [438 kB]
Fetched 438 kB in 1s (478 kB/s)
dpkg: libcurl4-openssl-dev:amd64: dependency problems, but removing anyway as you requested:
 libhdf5-dev depends on libcurl4-openssl-dev | libcurl-dev; however:
  Package libcurl4-openssl-dev:amd64 is to be removed.
  Package libcurl-dev is not installed.
  Package libcurl4-openssl-dev:amd64 which provides libcurl-dev is to be removed.
 libhdf5-dev depends on libcurl4-openssl-dev | libcurl-dev; however:
  Package libcurl4-openssl-dev:amd64 is to be removed.
  Package libcurl-dev is not installed.
  Package libcurl4-openssl-dev:amd64 which provides libcurl-dev is to be removed.

(Reading database ... 
(Reading database ... 5%
(Reading database ... 10%
(Reading database ... 15%
(Reading database ... 20%
(Reading database ... 25%
(Reading database ... 30%
(Reading database ... 35%
(Reading database ... 40%
(Reading database ... 45%
(Reading database ... 50%
(Reading database ... 55%
(Reading database ... 60%
(Reading database ... 65%
(Reading database ... 70%
(Reading database ... 75%
(Reading database ... 80%
(Reading database ... 85%
(Reading database ... 90%
(Reading database ... 95%
(Reading database ... 100%
(Reading database ... 145746 files and directories currently installed.)
Removing libcurl4-openssl-dev:amd64 (8.5.0-2ubuntu10.6) ...
Selecting previously unselected package libcurl4-gnutls-dev:amd64.
(Reading database ... 
(Reading database ... 5%
(Reading database ... 10%
(Reading database ... 15%
(Reading database ... 20%
(Reading database ... 25%
(Reading database ... 30%
(Reading database ... 35%
(Reading database ... 40%
(Reading database ... 45%
(Reading database ... 50%
(Reading database ... 55%
(Reading database ... 60%
(Reading database ... 65%
(Reading database ... 70%
(Reading database ... 75%
(Reading database ... 80%
(Reading database ... 85%
(Reading database ... 90%
(Reading database ... 95%
(Reading database ... 100%
(Reading database ... 145724 files and directories currently installed.)
Preparing to unpack .../libcurl4-gnutls-dev_8.5.0-2ubuntu10.6_amd64.deb ...
Unpacking libcurl4-gnutls-dev:amd64 (8.5.0-2ubuntu10.6) ...
Setting up libcurl4-gnutls-dev:amd64 (8.5.0-2ubuntu10.6) ...
Processing triggers for man-db (2.12.0-4build2) ...
